[DEBUG] 2020-11-21 13:32:12,369 | /home/anil/medley/apps/frappe/frappe/utils/scheduler.py:
Site: ordermedicines
Queued events for site ordermedicines
[DEBUG] 2020-11-21 13:33:12,469 | /home/anil/medley/apps/frappe/frappe/utils/scheduler.py:
Site: ordermedicine
Access denied for site ordermedicine
[DEBUG] 2020-11-21 13:33:12,595 | /home/anil/medley/apps/frappe/frappe/utils/scheduler.py:
Site: ordermedicines
Queued events for site ordermedicines
[DEBUG] 2020-11-21 13:34:12,677 | /home/anil/medley/apps/frappe/frappe/utils/scheduler.py:
Site: ordermedicine
Access denied for site ordermedicine
[DEBUG] 2020-11-21 13:34:12,819 | /home/anil/medley/apps/frappe/frappe/utils/scheduler.py:
Site: ordermedicines
Queued events for site ordermedicines
[DEBUG] 2020-11-21 13:35:12,906 | /home/anil/medley/apps/frappe/frappe/utils/scheduler.py:
Site: ordermedicine
Access denied for site ordermedicine
[DEBUG] 2020-11-21 13:35:13,049 | /home/anil/medley/apps/frappe/frappe/utils/scheduler.py:
Site: ordermedicines
Queued events for site ordermedicines
[DEBUG] 2020-11-21 13:36:13,131 | /home/anil/medley/apps/frappe/frappe/utils/scheduler.py:
Site: ordermedicine
Access denied for site ordermedicine
[DEBUG] 2020-11-21 13:36:13,420 | /home/anil/medley/apps/frappe/frappe/utils/scheduler.py:
Site: ordermedicines
Queued events for site ordermedicines
[DEBUG] 2020-11-21 13:37:13,505 | /home/anil/medley/apps/frappe/frappe/utils/scheduler.py:
Site: ordermedicine
Access denied for site ordermedicine
[DEBUG] 2020-11-21 13:37:13,633 | /home/anil/medley/apps/frappe/frappe/utils/scheduler.py:
Site: ordermedicines
Queued events for site ordermedicines
[DEBUG] 2020-11-21 13:38:13,715 | /home/anil/medley/apps/frappe/frappe/utils/scheduler.py:
Site: ordermedicine
Access denied for site ordermedicine
[DEBUG] 2020-11-21 13:38:13,837 | /home/anil/medley/apps/frappe/frappe/utils/scheduler.py:
Site: ordermedicines
Queued events for site ordermedicines
[DEBUG] 2020-11-21 13:39:13,919 | /home/anil/medley/apps/frappe/frappe/utils/scheduler.py:
Site: ordermedicine
Access denied for site ordermedicine
[DEBUG] 2020-11-21 13:39:14,067 | /home/anil/medley/apps/frappe/frappe/utils/scheduler.py:
Site: ordermedicines
Queued events for site ordermedicines
[DEBUG] 2020-11-21 13:40:14,153 | /home/anil/medley/apps/frappe/frappe/utils/scheduler.py:
Site: ordermedicine
Access denied for site ordermedicine
[DEBUG] 2020-11-21 13:40:14,341 | /home/anil/medley/apps/frappe/frappe/utils/scheduler.py:
Site: ordermedicines
Queued events for site ordermedicines
[DEBUG] 2020-11-21 13:41:14,426 | /home/anil/medley/apps/frappe/frappe/utils/scheduler.py:
Site: ordermedicine
Access denied for site ordermedicine
[DEBUG] 2020-11-21 13:41:14,578 | /home/anil/medley/apps/frappe/frappe/utils/scheduler.py:
Site: ordermedicines
Queued events for site ordermedicines
[DEBUG] 2020-11-21 13:42:14,657 | /home/anil/medley/apps/frappe/frappe/utils/scheduler.py:
Site: ordermedicine
Access denied for site ordermedicine
[DEBUG] 2020-11-21 13:42:14,798 | /home/anil/medley/apps/frappe/frappe/utils/scheduler.py:
Site: ordermedicines
Queued events for site ordermedicines
[DEBUG] 2020-11-21 13:43:14,882 | /home/anil/medley/apps/frappe/frappe/utils/scheduler.py:
Site: ordermedicine
Access denied for site ordermedicine
[DEBUG] 2020-11-21 13:43:15,021 | /home/anil/medley/apps/frappe/frappe/utils/scheduler.py:
Site: ordermedicines
Queued events for site ordermedicines
[DEBUG] 2020-11-21 13:44:15,103 | /home/anil/medley/apps/frappe/frappe/utils/scheduler.py:
Site: ordermedicine
Access denied for site ordermedicine
[DEBUG] 2020-11-21 13:44:15,352 | /home/anil/medley/apps/frappe/frappe/utils/scheduler.py:
Site: ordermedicines
Queued events for site ordermedicines
[DEBUG] 2020-11-21 13:45:15,436 | /home/anil/medley/apps/frappe/frappe/utils/scheduler.py:
Site: ordermedicine
Access denied for site ordermedicine
[DEBUG] 2020-11-21 13:45:15,559 | /home/anil/medley/apps/frappe/frappe/utils/scheduler.py:
Site: ordermedicines
Queued events for site ordermedicines
[DEBUG] 2020-11-21 13:46:15,637 | /home/anil/medley/apps/frappe/frappe/utils/scheduler.py:
Site: ordermedicine
Access denied for site ordermedicine
[DEBUG] 2020-11-21 13:46:15,772 | /home/anil/medley/apps/frappe/frappe/utils/scheduler.py:
Site: ordermedicines
Queued events for site ordermedicines
[DEBUG] 2020-11-21 13:47:15,857 | /home/anil/medley/apps/frappe/frappe/utils/scheduler.py:
Site: ordermedicine
Access denied for site ordermedicine
[DEBUG] 2020-11-21 13:47:16,096 | /home/anil/medley/apps/frappe/frappe/utils/scheduler.py:
Site: ordermedicines
Queued events for site ordermedicines
[DEBUG] 2020-11-21 13:48:16,179 | /home/anil/medley/apps/frappe/frappe/utils/scheduler.py:
Site: ordermedicine
Access denied for site ordermedicine
[DEBUG] 2020-11-21 13:48:16,328 | /home/anil/medley/apps/frappe/frappe/utils/scheduler.py:
Site: ordermedicines
Queued events for site ordermedicines
[DEBUG] 2020-11-21 13:49:16,412 | /home/anil/medley/apps/frappe/frappe/utils/scheduler.py:
Site: ordermedicine
Access denied for site ordermedicine
[DEBUG] 2020-11-21 13:49:16,548 | /home/anil/medley/apps/frappe/frappe/utils/scheduler.py:
Site: ordermedicines
Queued events for site ordermedicines
[DEBUG] 2020-11-21 13:50:16,631 | /home/anil/medley/apps/frappe/frappe/utils/scheduler.py:
Site: ordermedicine
Access denied for site ordermedicine
[DEBUG] 2020-11-21 13:50:16,754 | /home/anil/medley/apps/frappe/frappe/utils/scheduler.py:
Site: ordermedicines
Queued events for site ordermedicines
[DEBUG] 2020-11-21 13:51:16,839 | /home/anil/medley/apps/frappe/frappe/utils/scheduler.py:
Site: ordermedicine
Access denied for site ordermedicine
[DEBUG] 2020-11-21 13:51:16,964 | /home/anil/medley/apps/frappe/frappe/utils/scheduler.py:
Site: ordermedicines
Queued events for site ordermedicines
[DEBUG] 2020-11-21 13:52:17,044 | /home/anil/medley/apps/frappe/frappe/utils/scheduler.py:
Site: ordermedicine
Access denied for site ordermedicine
[DEBUG] 2020-11-21 13:52:17,208 | /home/anil/medley/apps/frappe/frappe/utils/scheduler.py:
Site: ordermedicines
Queued events for site ordermedicines
[DEBUG] 2020-11-21 13:53:17,294 | /home/anil/medley/apps/frappe/frappe/utils/scheduler.py:
Site: ordermedicine
Access denied for site ordermedicine
[DEBUG] 2020-11-21 13:53:17,409 | /home/anil/medley/apps/frappe/frappe/utils/scheduler.py:
Site: ordermedicines
Queued events for site ordermedicines
[DEBUG] 2020-11-21 13:54:17,492 | /home/anil/medley/apps/frappe/frappe/utils/scheduler.py:
Site: ordermedicine
Access denied for site ordermedicine
[DEBUG] 2020-11-21 13:54:17,616 | /home/anil/medley/apps/frappe/frappe/utils/scheduler.py:
Site: ordermedicines
Queued events for site ordermedicines
[DEBUG] 2020-11-21 13:55:17,695 | /home/anil/medley/apps/frappe/frappe/utils/scheduler.py:
Site: ordermedicine
Access denied for site ordermedicine
[DEBUG] 2020-11-21 13:55:17,823 | /home/anil/medley/apps/frappe/frappe/utils/scheduler.py:
Site: ordermedicines
Queued events for site ordermedicines
[DEBUG] 2020-11-21 13:56:17,910 | /home/anil/medley/apps/frappe/frappe/utils/scheduler.py:
Site: ordermedicine
Access denied for site ordermedicine
[DEBUG] 2020-11-21 13:56:18,068 | /home/anil/medley/apps/frappe/frappe/utils/scheduler.py:
Site: ordermedicines
Queued events for site ordermedicines
[DEBUG] 2020-11-21 13:57:18,159 | /home/anil/medley/apps/frappe/frappe/utils/scheduler.py:
Site: ordermedicine
Access denied for site ordermedicine
[DEBUG] 2020-11-21 13:57:18,273 | /home/anil/medley/apps/frappe/frappe/utils/scheduler.py:
Site: ordermedicines
Queued events for site ordermedicines
[DEBUG] 2020-11-21 13:58:18,348 | /home/anil/medley/apps/frappe/frappe/utils/scheduler.py:
Site: ordermedicine
Access denied for site ordermedicine
[DEBUG] 2020-11-21 13:58:18,451 | /home/anil/medley/apps/frappe/frappe/utils/scheduler.py:
Site: ordermedicines
Queued events for site ordermedicines
[DEBUG] 2020-11-21 13:59:18,534 | /home/anil/medley/apps/frappe/frappe/utils/scheduler.py:
Site: ordermedicine
Access denied for site ordermedicine
[DEBUG] 2020-11-21 13:59:18,650 | /home/anil/medley/apps/frappe/frappe/utils/scheduler.py:
Site: ordermedicines
Queued events for site ordermedicines
[DEBUG] 2020-11-21 14:00:18,735 | /home/anil/medley/apps/frappe/frappe/utils/scheduler.py:
Site: ordermedicine
Access denied for site ordermedicine
[DEBUG] 2020-11-21 14:00:18,939 | /home/anil/medley/apps/frappe/frappe/utils/scheduler.py:
Site: ordermedicines
Queued events for site ordermedicines
[DEBUG] 2020-11-21 14:01:19,022 | /home/anil/medley/apps/frappe/frappe/utils/scheduler.py:
Site: ordermedicine
Access denied for site ordermedicine
[DEBUG] 2020-11-21 14:01:19,176 | /home/anil/medley/apps/frappe/frappe/utils/scheduler.py:
Site: ordermedicines
Queued events for site ordermedicines
[DEBUG] 2020-11-21 14:02:19,256 | /home/anil/medley/apps/frappe/frappe/utils/scheduler.py:
Site: ordermedicine
Access denied for site ordermedicine
[DEBUG] 2020-11-21 14:02:19,391 | /home/anil/medley/apps/frappe/frappe/utils/scheduler.py:
Site: ordermedicines
Queued events for site ordermedicines
[DEBUG] 2020-11-21 14:03:19,477 | /home/anil/medley/apps/frappe/frappe/utils/scheduler.py:
Site: ordermedicine
Access denied for site ordermedicine
[DEBUG] 2020-11-21 14:03:19,600 | /home/anil/medley/apps/frappe/frappe/utils/scheduler.py:
Site: ordermedicines
Queued events for site ordermedicines
[DEBUG] 2020-11-21 14:04:19,684 | /home/anil/medley/apps/frappe/frappe/utils/scheduler.py:
Site: ordermedicine
Access denied for site ordermedicine
[DEBUG] 2020-11-21 14:04:19,854 | /home/anil/medley/apps/frappe/frappe/utils/scheduler.py:
Site: ordermedicines
Queued events for site ordermedicines
[DEBUG] 2020-11-21 14:05:19,937 | /home/anil/medley/apps/frappe/frappe/utils/scheduler.py:
Site: ordermedicine
Access denied for site ordermedicine
[DEBUG] 2020-11-21 14:05:20,070 | /home/anil/medley/apps/frappe/frappe/utils/scheduler.py:
Site: ordermedicines
Queued events for site ordermedicines
[DEBUG] 2020-11-21 14:06:20,159 | /home/anil/medley/apps/frappe/frappe/utils/scheduler.py:
Site: ordermedicine
Access denied for site ordermedicine
[DEBUG] 2020-11-21 14:06:20,293 | /home/anil/medley/apps/frappe/frappe/utils/scheduler.py:
Site: ordermedicines
Queued events for site ordermedicines
[DEBUG] 2020-11-21 14:07:20,378 | /home/anil/medley/apps/frappe/frappe/utils/scheduler.py:
Site: ordermedicine
Access denied for site ordermedicine
[DEBUG] 2020-11-21 14:07:20,516 | /home/anil/medley/apps/frappe/frappe/utils/scheduler.py:
Site: ordermedicines
Queued events for site ordermedicines
[DEBUG] 2020-11-21 14:08:20,592 | /home/anil/medley/apps/frappe/frappe/utils/scheduler.py:
Site: ordermedicine
Access denied for site ordermedicine
[DEBUG] 2020-11-21 14:08:20,738 | /home/anil/medley/apps/frappe/frappe/utils/scheduler.py:
Site: ordermedicines
Queued events for site ordermedicines
[DEBUG] 2020-11-21 14:09:20,828 | /home/anil/medley/apps/frappe/frappe/utils/scheduler.py:
Site: ordermedicine
Access denied for site ordermedicine
[DEBUG] 2020-11-21 14:09:20,964 | /home/anil/medley/apps/frappe/frappe/utils/scheduler.py:
Site: ordermedicines
Queued events for site ordermedicines
[DEBUG] 2020-11-21 14:10:21,048 | /home/anil/medley/apps/frappe/frappe/utils/scheduler.py:
Site: ordermedicine
Access denied for site ordermedicine
[DEBUG] 2020-11-21 14:10:21,175 | /home/anil/medley/apps/frappe/frappe/utils/scheduler.py:
Site: ordermedicines
Queued events for site ordermedicines
[DEBUG] 2020-11-21 14:11:21,260 | /home/anil/medley/apps/frappe/frappe/utils/scheduler.py:
Site: ordermedicine
Access denied for site ordermedicine
[DEBUG] 2020-11-21 14:11:21,385 | /home/anil/medley/apps/frappe/frappe/utils/scheduler.py:
Site: ordermedicines
Queued events for site ordermedicines
[DEBUG] 2020-11-21 14:12:21,466 | /home/anil/medley/apps/frappe/frappe/utils/scheduler.py:
Site: ordermedicine
Access denied for site ordermedicine
[DEBUG] 2020-11-21 14:12:21,634 | /home/anil/medley/apps/frappe/frappe/utils/scheduler.py:
Site: ordermedicines
Queued events for site ordermedicines
[DEBUG] 2020-11-21 14:13:21,714 | /home/anil/medley/apps/frappe/frappe/utils/scheduler.py:
Site: ordermedicine
Access denied for site ordermedicine
[DEBUG] 2020-11-21 14:13:21,849 | /home/anil/medley/apps/frappe/frappe/utils/scheduler.py:
Site: ordermedicines
Queued events for site ordermedicines
[DEBUG] 2020-11-21 14:14:21,935 | /home/anil/medley/apps/frappe/frappe/utils/scheduler.py:
Site: ordermedicine
Access denied for site ordermedicine
[DEBUG] 2020-11-21 14:14:22,058 | /home/anil/medley/apps/frappe/frappe/utils/scheduler.py:
Site: ordermedicines
Queued events for site ordermedicines
[DEBUG] 2020-11-21 14:15:22,140 | /home/anil/medley/apps/frappe/frappe/utils/scheduler.py:
Site: ordermedicine
Access denied for site ordermedicine
[DEBUG] 2020-11-21 14:15:22,274 | /home/anil/medley/apps/frappe/frappe/utils/scheduler.py:
Site: ordermedicines
Queued events for site ordermedicines
[DEBUG] 2020-11-21 14:16:22,359 | /home/anil/medley/apps/frappe/frappe/utils/scheduler.py:
Site: ordermedicine
Access denied for site ordermedicine
[DEBUG] 2020-11-21 14:16:22,527 | /home/anil/medley/apps/frappe/frappe/utils/scheduler.py:
Site: ordermedicines
Queued events for site ordermedicines
[DEBUG] 2020-11-21 14:17:22,607 | /home/anil/medley/apps/frappe/frappe/utils/scheduler.py:
Site: ordermedicine
Access denied for site ordermedicine
[DEBUG] 2020-11-21 14:17:22,710 | /home/anil/medley/apps/frappe/frappe/utils/scheduler.py:
Site: ordermedicines
Queued events for site ordermedicines
[DEBUG] 2020-11-21 14:18:22,796 | /home/anil/medley/apps/frappe/frappe/utils/scheduler.py:
Site: ordermedicine
Access denied for site ordermedicine
[DEBUG] 2020-11-21 14:18:22,926 | /home/anil/medley/apps/frappe/frappe/utils/scheduler.py:
Site: ordermedicines
Queued events for site ordermedicines
[DEBUG] 2020-11-21 14:19:23,009 | /home/anil/medley/apps/frappe/frappe/utils/scheduler.py:
Site: ordermedicine
Access denied for site ordermedicine
[DEBUG] 2020-11-21 14:19:23,155 | /home/anil/medley/apps/frappe/frappe/utils/scheduler.py:
Site: ordermedicines
Queued events for site ordermedicines
[DEBUG] 2020-11-21 14:20:23,236 | /home/anil/medley/apps/frappe/frappe/utils/scheduler.py:
Site: ordermedicine
Access denied for site ordermedicine
[DEBUG] 2020-11-21 14:20:23,404 | /home/anil/medley/apps/frappe/frappe/utils/scheduler.py:
Site: ordermedicines
Queued events for site ordermedicines
[DEBUG] 2020-11-21 14:21:23,490 | /home/anil/medley/apps/frappe/frappe/utils/scheduler.py:
Site: ordermedicine
Access denied for site ordermedicine
[DEBUG] 2020-11-21 14:21:23,618 | /home/anil/medley/apps/frappe/frappe/utils/scheduler.py:
Site: ordermedicines
Queued events for site ordermedicines
[DEBUG] 2020-11-21 14:22:23,698 | /home/anil/medley/apps/frappe/frappe/utils/scheduler.py:
Site: ordermedicine
Access denied for site ordermedicine
[DEBUG] 2020-11-21 14:22:23,825 | /home/anil/medley/apps/frappe/frappe/utils/scheduler.py:
Site: ordermedicines
Queued events for site ordermedicines
[DEBUG] 2020-11-21 14:23:23,910 | /home/anil/medley/apps/frappe/frappe/utils/scheduler.py:
Site: ordermedicine
Access denied for site ordermedicine
[DEBUG] 2020-11-21 14:23:24,035 | /home/anil/medley/apps/frappe/frappe/utils/scheduler.py:
Site: ordermedicines
Queued events for site ordermedicines
[DEBUG] 2020-11-21 14:24:24,116 | /home/anil/medley/apps/frappe/frappe/utils/scheduler.py:
Site: ordermedicine
Access denied for site ordermedicine
[DEBUG] 2020-11-21 14:24:24,303 | /home/anil/medley/apps/frappe/frappe/utils/scheduler.py:
Site: ordermedicines
Queued events for site ordermedicines
[DEBUG] 2020-11-21 14:25:24,391 | /home/anil/medley/apps/frappe/frappe/utils/scheduler.py:
Site: ordermedicine
Access denied for site ordermedicine
[DEBUG] 2020-11-21 14:25:24,520 | /home/anil/medley/apps/frappe/frappe/utils/scheduler.py:
Site: ordermedicines
Queued events for site ordermedicines
[DEBUG] 2020-11-21 14:26:24,599 | /home/anil/medley/apps/frappe/frappe/utils/scheduler.py:
Site: ordermedicine
Access denied for site ordermedicine
[DEBUG] 2020-11-21 14:26:24,695 | /home/anil/medley/apps/frappe/frappe/utils/scheduler.py:
Site: ordermedicines
Queued events for site ordermedicines
[DEBUG] 2020-11-21 14:27:24,774 | /home/anil/medley/apps/frappe/frappe/utils/scheduler.py:
Site: ordermedicine
Access denied for site ordermedicine
[DEBUG] 2020-11-21 14:27:24,893 | /home/anil/medley/apps/frappe/frappe/utils/scheduler.py:
Site: ordermedicines
Queued events for site ordermedicines
[DEBUG] 2020-11-21 14:28:24,975 | /home/anil/medley/apps/frappe/frappe/utils/scheduler.py:
Site: ordermedicine
Access denied for site ordermedicine
[DEBUG] 2020-11-21 14:28:25,167 | /home/anil/medley/apps/frappe/frappe/utils/scheduler.py:
Site: ordermedicines
Queued events for site ordermedicines
[DEBUG] 2020-11-21 14:29:25,247 | /home/anil/medley/apps/frappe/frappe/utils/scheduler.py:
Site: ordermedicine
Access denied for site ordermedicine
[DEBUG] 2020-11-21 14:29:25,378 | /home/anil/medley/apps/frappe/frappe/utils/scheduler.py:
Site: ordermedicines
Queued events for site ordermedicines
[DEBUG] 2020-11-21 14:30:25,461 | /home/anil/medley/apps/frappe/frappe/utils/scheduler.py:
Site: ordermedicine
Access denied for site ordermedicine
[DEBUG] 2020-11-21 14:30:25,594 | /home/anil/medley/apps/frappe/frappe/utils/scheduler.py:
Site: ordermedicines
Queued events for site ordermedicines
[DEBUG] 2020-11-21 14:31:25,674 | /home/anil/medley/apps/frappe/frappe/utils/scheduler.py:
Site: ordermedicine
Access denied for site ordermedicine
[DEBUG] 2020-11-21 14:31:25,817 | /home/anil/medley/apps/frappe/frappe/utils/scheduler.py:
Site: ordermedicines
Queued events for site ordermedicines
[DEBUG] 2020-11-21 14:32:25,901 | /home/anil/medley/apps/frappe/frappe/utils/scheduler.py:
Site: ordermedicine
Access denied for site ordermedicine
[DEBUG] 2020-11-21 14:32:26,078 | /home/anil/medley/apps/frappe/frappe/utils/scheduler.py:
Site: ordermedicines
Queued events for site ordermedicines
[DEBUG] 2020-11-21 14:33:26,163 | /home/anil/medley/apps/frappe/frappe/utils/scheduler.py:
Site: ordermedicine
Access denied for site ordermedicine
[DEBUG] 2020-11-21 14:33:26,289 | /home/anil/medley/apps/frappe/frappe/utils/scheduler.py:
Site: ordermedicines
Queued events for site ordermedicines
[DEBUG] 2020-11-21 14:34:26,369 | /home/anil/medley/apps/frappe/frappe/utils/scheduler.py:
Site: ordermedicine
Access denied for site ordermedicine
[DEBUG] 2020-11-21 14:34:26,504 | /home/anil/medley/apps/frappe/frappe/utils/scheduler.py:
Site: ordermedicines
Queued events for site ordermedicines
[DEBUG] 2020-11-21 14:35:26,580 | /home/anil/medley/apps/frappe/frappe/utils/scheduler.py:
Site: ordermedicine
Access denied for site ordermedicine
[DEBUG] 2020-11-21 14:35:26,686 | /home/anil/medley/apps/frappe/frappe/utils/scheduler.py:
Site: ordermedicines
Queued events for site ordermedicines
[DEBUG] 2020-11-21 14:36:26,771 | /home/anil/medley/apps/frappe/frappe/utils/scheduler.py:
Site: ordermedicine
Access denied for site ordermedicine
[DEBUG] 2020-11-21 14:36:26,941 | /home/anil/medley/apps/frappe/frappe/utils/scheduler.py:
Site: ordermedicines
Queued events for site ordermedicines
[DEBUG] 2020-11-21 14:37:27,024 | /home/anil/medley/apps/frappe/frappe/utils/scheduler.py:
Site: ordermedicine
Access denied for site ordermedicine
[DEBUG] 2020-11-21 14:37:27,165 | /home/anil/medley/apps/frappe/frappe/utils/scheduler.py:
Site: ordermedicines
Queued events for site ordermedicines
[DEBUG] 2020-11-21 14:38:27,248 | /home/anil/medley/apps/frappe/frappe/utils/scheduler.py:
Site: ordermedicine
Access denied for site ordermedicine
[DEBUG] 2020-11-21 14:38:27,374 | /home/anil/medley/apps/frappe/frappe/utils/scheduler.py:
Site: ordermedicines
Queued events for site ordermedicines
[DEBUG] 2020-11-21 14:39:27,461 | /home/anil/medley/apps/frappe/frappe/utils/scheduler.py:
Site: ordermedicine
Access denied for site ordermedicine
[DEBUG] 2020-11-21 14:39:27,591 | /home/anil/medley/apps/frappe/frappe/utils/scheduler.py:
Site: ordermedicines
Queued events for site ordermedicines
[DEBUG] 2020-11-21 14:40:27,671 | /home/anil/medley/apps/frappe/frappe/utils/scheduler.py:
Site: ordermedicine
Access denied for site ordermedicine
[DEBUG] 2020-11-21 14:40:27,838 | /home/anil/medley/apps/frappe/frappe/utils/scheduler.py:
Site: ordermedicines
Queued events for site ordermedicines
[DEBUG] 2020-11-21 14:41:27,922 | /home/anil/medley/apps/frappe/frappe/utils/scheduler.py:
Site: ordermedicine
Access denied for site ordermedicine
[DEBUG] 2020-11-21 14:41:28,059 | /home/anil/medley/apps/frappe/frappe/utils/scheduler.py:
Site: ordermedicines
Queued events for site ordermedicines
[DEBUG] 2020-11-21 14:42:28,145 | /home/anil/medley/apps/frappe/frappe/utils/scheduler.py:
Site: ordermedicine
Access denied for site ordermedicine
[DEBUG] 2020-11-21 14:42:28,293 | /home/anil/medley/apps/frappe/frappe/utils/scheduler.py:
Site: ordermedicines
Queued events for site ordermedicines
[DEBUG] 2020-11-21 14:43:28,380 | /home/anil/medley/apps/frappe/frappe/utils/scheduler.py:
Site: ordermedicine
Access denied for site ordermedicine
[DEBUG] 2020-11-21 14:43:28,506 | /home/anil/medley/apps/frappe/frappe/utils/scheduler.py:
Site: ordermedicines
Queued events for site ordermedicines
[DEBUG] 2020-11-21 14:44:28,586 | /home/anil/medley/apps/frappe/frappe/utils/scheduler.py:
Site: ordermedicine
Access denied for site ordermedicine
[DEBUG] 2020-11-21 14:44:28,741 | /home/anil/medley/apps/frappe/frappe/utils/scheduler.py:
Site: ordermedicines
Queued events for site ordermedicines
[DEBUG] 2020-11-21 14:45:28,827 | /home/anil/medley/apps/frappe/frappe/utils/scheduler.py:
Site: ordermedicine
Access denied for site ordermedicine
[DEBUG] 2020-11-21 14:45:28,950 | /home/anil/medley/apps/frappe/frappe/utils/scheduler.py:
Site: ordermedicines
Queued events for site ordermedicines
[DEBUG] 2020-11-21 14:46:29,033 | /home/anil/medley/apps/frappe/frappe/utils/scheduler.py:
Site: ordermedicine
Access denied for site ordermedicine
[DEBUG] 2020-11-21 14:46:29,177 | /home/anil/medley/apps/frappe/frappe/utils/scheduler.py:
Site: ordermedicines
Queued events for site ordermedicines
[DEBUG] 2020-11-21 14:47:29,261 | /home/anil/medley/apps/frappe/frappe/utils/scheduler.py:
Site: ordermedicine
Access denied for site ordermedicine
[DEBUG] 2020-11-21 14:47:29,391 | /home/anil/medley/apps/frappe/frappe/utils/scheduler.py:
Site: ordermedicines
Queued events for site ordermedicines
[DEBUG] 2020-11-21 14:48:29,473 | /home/anil/medley/apps/frappe/frappe/utils/scheduler.py:
Site: ordermedicine
Access denied for site ordermedicine
[DEBUG] 2020-11-21 14:48:29,648 | /home/anil/medley/apps/frappe/frappe/utils/scheduler.py:
Site: ordermedicines
Queued events for site ordermedicines
[DEBUG] 2020-11-21 14:49:29,730 | /home/anil/medley/apps/frappe/frappe/utils/scheduler.py:
Site: ordermedicine
Access denied for site ordermedicine
[DEBUG] 2020-11-21 14:49:29,868 | /home/anil/medley/apps/frappe/frappe/utils/scheduler.py:
Site: ordermedicines
Queued events for site ordermedicines
[DEBUG] 2020-11-21 14:50:29,952 | /home/anil/medley/apps/frappe/frappe/utils/scheduler.py:
Site: ordermedicine
Access denied for site ordermedicine
[DEBUG] 2020-11-21 14:50:30,086 | /home/anil/medley/apps/frappe/frappe/utils/scheduler.py:
Site: ordermedicines
Queued events for site ordermedicines
[DEBUG] 2020-11-21 14:58:15,426 | /home/anil/medley/apps/frappe/frappe/utils/scheduler.py:
Site: ordermedicine
Access denied for site ordermedicine
[DEBUG] 2020-11-21 14:58:18,308 | /home/anil/medley/apps/frappe/frappe/utils/scheduler.py:
Site: ordermedicines
Queued events for site ordermedicines
[DEBUG] 2020-11-21 14:59:18,371 | /home/anil/medley/apps/frappe/frappe/utils/scheduler.py:
Site: ordermedicine
Access denied for site ordermedicine
[DEBUG] 2020-11-21 14:59:18,492 | /home/anil/medley/apps/frappe/frappe/utils/scheduler.py:
Site: ordermedicines
Queued events for site ordermedicines
[DEBUG] 2020-11-21 15:00:18,553 | /home/anil/medley/apps/frappe/frappe/utils/scheduler.py:
Site: ordermedicine
Access denied for site ordermedicine
[DEBUG] 2020-11-21 15:00:18,719 | /home/anil/medley/apps/frappe/frappe/utils/scheduler.py:
Site: ordermedicines
Queued events for site ordermedicines
[DEBUG] 2020-11-21 15:01:18,779 | /home/anil/medley/apps/frappe/frappe/utils/scheduler.py:
Site: ordermedicine
Access denied for site ordermedicine
[DEBUG] 2020-11-21 15:01:18,901 | /home/anil/medley/apps/frappe/frappe/utils/scheduler.py:
Site: ordermedicines
Queued events for site ordermedicines
[DEBUG] 2020-11-21 15:02:18,972 | /home/anil/medley/apps/frappe/frappe/utils/scheduler.py:
Site: ordermedicine
Access denied for site ordermedicine
[DEBUG] 2020-11-21 15:02:19,110 | /home/anil/medley/apps/frappe/frappe/utils/scheduler.py:
Site: ordermedicines
Queued events for site ordermedicines
[DEBUG] 2020-11-21 15:03:19,173 | /home/anil/medley/apps/frappe/frappe/utils/scheduler.py:
Site: ordermedicine
Access denied for site ordermedicine
[DEBUG] 2020-11-21 15:03:19,332 | /home/anil/medley/apps/frappe/frappe/utils/scheduler.py:
Site: ordermedicines
Queued events for site ordermedicines
[DEBUG] 2020-11-21 15:04:19,407 | /home/anil/medley/apps/frappe/frappe/utils/scheduler.py:
Site: ordermedicine
Access denied for site ordermedicine
[DEBUG] 2020-11-21 15:04:19,666 | /home/anil/medley/apps/frappe/frappe/utils/scheduler.py:
Site: ordermedicines
Queued events for site ordermedicines
[DEBUG] 2020-11-21 15:05:19,738 | /home/anil/medley/apps/frappe/frappe/utils/scheduler.py:
Site: ordermedicine
Access denied for site ordermedicine
[DEBUG] 2020-11-21 15:05:19,858 | /home/anil/medley/apps/frappe/frappe/utils/scheduler.py:
Site: ordermedicines
Queued events for site ordermedicines
[DEBUG] 2020-11-21 15:06:19,920 | /home/anil/medley/apps/frappe/frappe/utils/scheduler.py:
Site: ordermedicine
Access denied for site ordermedicine
[DEBUG] 2020-11-21 15:06:20,116 | /home/anil/medley/apps/frappe/frappe/utils/scheduler.py:
Site: ordermedicines
Queued events for site ordermedicines
[DEBUG] 2020-11-21 15:07:20,180 | /home/anil/medley/apps/frappe/frappe/utils/scheduler.py:
Site: ordermedicine
Access denied for site ordermedicine
[DEBUG] 2020-11-21 15:07:20,334 | /home/anil/medley/apps/frappe/frappe/utils/scheduler.py:
Site: ordermedicines
Queued events for site ordermedicines
[DEBUG] 2020-11-21 15:08:20,398 | /home/anil/medley/apps/frappe/frappe/utils/scheduler.py:
Site: ordermedicine
Access denied for site ordermedicine
[DEBUG] 2020-11-21 15:08:20,531 | /home/anil/medley/apps/frappe/frappe/utils/scheduler.py:
Site: ordermedicines
Queued events for site ordermedicines
[DEBUG] 2020-11-21 15:09:20,593 | /home/anil/medley/apps/frappe/frappe/utils/scheduler.py:
Site: ordermedicine
Access denied for site ordermedicine
[DEBUG] 2020-11-21 15:09:20,714 | /home/anil/medley/apps/frappe/frappe/utils/scheduler.py:
Site: ordermedicines
Queued events for site ordermedicines
[DEBUG] 2020-11-21 15:10:20,792 | /home/anil/medley/apps/frappe/frappe/utils/scheduler.py:
Site: ordermedicine
Access denied for site ordermedicine
[DEBUG] 2020-11-21 15:10:20,910 | /home/anil/medley/apps/frappe/frappe/utils/scheduler.py:
Site: ordermedicines
Queued events for site ordermedicines
[DEBUG] 2020-11-21 15:11:20,975 | /home/anil/medley/apps/frappe/frappe/utils/scheduler.py:
Site: ordermedicine
Access denied for site ordermedicine
[DEBUG] 2020-11-21 15:11:21,078 | /home/anil/medley/apps/frappe/frappe/utils/scheduler.py:
Site: ordermedicines
Queued events for site ordermedicines
[DEBUG] 2020-11-21 15:12:21,143 | /home/anil/medley/apps/frappe/frappe/utils/scheduler.py:
Site: ordermedicine
Access denied for site ordermedicine
[DEBUG] 2020-11-21 15:12:21,262 | /home/anil/medley/apps/frappe/frappe/utils/scheduler.py:
Site: ordermedicines
Queued events for site ordermedicines
[DEBUG] 2020-11-21 15:13:21,333 | /home/anil/medley/apps/frappe/frappe/utils/scheduler.py:
Site: ordermedicine
Access denied for site ordermedicine
[DEBUG] 2020-11-21 15:13:21,511 | /home/anil/medley/apps/frappe/frappe/utils/scheduler.py:
Site: ordermedicines
Queued events for site ordermedicines
[DEBUG] 2020-11-21 15:14:21,583 | /home/anil/medley/apps/frappe/frappe/utils/scheduler.py:
Site: ordermedicine
Access denied for site ordermedicine
[DEBUG] 2020-11-21 15:14:21,735 | /home/anil/medley/apps/frappe/frappe/utils/scheduler.py:
Site: ordermedicines
Queued events for site ordermedicines
[DEBUG] 2020-11-21 15:15:21,799 | /home/anil/medley/apps/frappe/frappe/utils/scheduler.py:
Site: ordermedicine
Access denied for site ordermedicine
[DEBUG] 2020-11-21 15:15:21,921 | /home/anil/medley/apps/frappe/frappe/utils/scheduler.py:
Site: ordermedicines
Queued events for site ordermedicines
[DEBUG] 2020-11-21 15:16:21,986 | /home/anil/medley/apps/frappe/frappe/utils/scheduler.py:
Site: ordermedicine
Access denied for site ordermedicine
[DEBUG] 2020-11-21 15:16:22,195 | /home/anil/medley/apps/frappe/frappe/utils/scheduler.py:
Site: ordermedicines
Queued events for site ordermedicines
[DEBUG] 2020-11-21 15:17:22,265 | /home/anil/medley/apps/frappe/frappe/utils/scheduler.py:
Site: ordermedicine
Access denied for site ordermedicine
[DEBUG] 2020-11-21 15:17:22,432 | /home/anil/medley/apps/frappe/frappe/utils/scheduler.py:
Site: ordermedicines
Queued events for site ordermedicines
[DEBUG] 2020-11-21 15:18:22,494 | /home/anil/medley/apps/frappe/frappe/utils/scheduler.py:
Site: ordermedicine
Access denied for site ordermedicine
[DEBUG] 2020-11-21 15:18:22,607 | /home/anil/medley/apps/frappe/frappe/utils/scheduler.py:
Site: ordermedicines
Queued events for site ordermedicines
[DEBUG] 2020-11-21 15:19:22,678 | /home/anil/medley/apps/frappe/frappe/utils/scheduler.py:
Site: ordermedicine
Access denied for site ordermedicine
[DEBUG] 2020-11-21 15:19:22,793 | /home/anil/medley/apps/frappe/frappe/utils/scheduler.py:
Site: ordermedicines
Queued events for site ordermedicines
[DEBUG] 2020-11-21 15:20:22,860 | /home/anil/medley/apps/frappe/frappe/utils/scheduler.py:
Site: ordermedicine
Access denied for site ordermedicine
[DEBUG] 2020-11-21 15:20:23,043 | /home/anil/medley/apps/frappe/frappe/utils/scheduler.py:
Site: ordermedicines
Queued events for site ordermedicines
[DEBUG] 2020-11-21 15:21:23,116 | /home/anil/medley/apps/frappe/frappe/utils/scheduler.py:
Site: ordermedicine
Access denied for site ordermedicine
[DEBUG] 2020-11-21 15:21:23,242 | /home/anil/medley/apps/frappe/frappe/utils/scheduler.py:
Site: ordermedicines
Queued events for site ordermedicines
[DEBUG] 2020-11-21 15:22:23,303 | /home/anil/medley/apps/frappe/frappe/utils/scheduler.py:
Site: ordermedicine
Access denied for site ordermedicine
[DEBUG] 2020-11-21 15:22:23,436 | /home/anil/medley/apps/frappe/frappe/utils/scheduler.py:
Site: ordermedicines
Queued events for site ordermedicines
[DEBUG] 2020-11-21 15:23:23,497 | /home/anil/medley/apps/frappe/frappe/utils/scheduler.py:
Site: ordermedicine
Access denied for site ordermedicine
[DEBUG] 2020-11-21 15:23:23,664 | /home/anil/medley/apps/frappe/frappe/utils/scheduler.py:
Site: ordermedicines
Queued events for site ordermedicines
[DEBUG] 2020-11-21 15:24:23,734 | /home/anil/medley/apps/frappe/frappe/utils/scheduler.py:
Site: ordermedicine
Access denied for site ordermedicine
[DEBUG] 2020-11-21 15:24:23,976 | /home/anil/medley/apps/frappe/frappe/utils/scheduler.py:
Site: ordermedicines
Queued events for site ordermedicines
[DEBUG] 2020-11-21 15:25:24,048 | /home/anil/medley/apps/frappe/frappe/utils/scheduler.py:
Site: ordermedicine
Access denied for site ordermedicine
[DEBUG] 2020-11-21 15:25:24,162 | /home/anil/medley/apps/frappe/frappe/utils/scheduler.py:
Site: ordermedicines
Queued events for site ordermedicines
[DEBUG] 2020-11-21 15:26:24,243 | /home/anil/medley/apps/frappe/frappe/utils/scheduler.py:
Site: ordermedicine
Access denied for site ordermedicine
[DEBUG] 2020-11-21 15:26:24,468 | /home/anil/medley/apps/frappe/frappe/utils/scheduler.py:
Site: ordermedicines
Queued events for site ordermedicines
[DEBUG] 2020-11-21 15:27:24,543 | /home/anil/medley/apps/frappe/frappe/utils/scheduler.py:
Site: ordermedicine
Access denied for site ordermedicine
[DEBUG] 2020-11-21 15:27:24,687 | /home/anil/medley/apps/frappe/frappe/utils/scheduler.py:
Site: ordermedicines
Queued events for site ordermedicines
[DEBUG] 2020-11-21 15:28:24,748 | /home/anil/medley/apps/frappe/frappe/utils/scheduler.py:
Site: ordermedicine
Access denied for site ordermedicine
[DEBUG] 2020-11-21 15:28:24,896 | /home/anil/medley/apps/frappe/frappe/utils/scheduler.py:
Site: ordermedicines
Queued events for site ordermedicines
[DEBUG] 2020-11-21 15:29:24,958 | /home/anil/medley/apps/frappe/frappe/utils/scheduler.py:
Site: ordermedicine
Access denied for site ordermedicine
[DEBUG] 2020-11-21 15:29:25,101 | /home/anil/medley/apps/frappe/frappe/utils/scheduler.py:
Site: ordermedicines
Queued events for site ordermedicines
[DEBUG] 2020-11-21 15:30:25,167 | /home/anil/medley/apps/frappe/frappe/utils/scheduler.py:
Site: ordermedicine
Access denied for site ordermedicine
[DEBUG] 2020-11-21 15:30:25,276 | /home/anil/medley/apps/frappe/frappe/utils/scheduler.py:
Site: ordermedicines
Queued events for site ordermedicines
[DEBUG] 2020-11-21 15:31:25,339 | /home/anil/medley/apps/frappe/frappe/utils/scheduler.py:
Site: ordermedicine
Access denied for site ordermedicine
[DEBUG] 2020-11-21 15:31:25,450 | /home/anil/medley/apps/frappe/frappe/utils/scheduler.py:
Site: ordermedicines
Queued events for site ordermedicines
[DEBUG] 2020-11-21 15:32:25,510 | /home/anil/medley/apps/frappe/frappe/utils/scheduler.py:
Site: ordermedicine
Access denied for site ordermedicine
[DEBUG] 2020-11-21 15:32:25,628 | /home/anil/medley/apps/frappe/frappe/utils/scheduler.py:
Site: ordermedicines
Queued events for site ordermedicines
[DEBUG] 2020-11-21 15:33:25,685 | /home/anil/medley/apps/frappe/frappe/utils/scheduler.py:
Site: ordermedicine
Access denied for site ordermedicine
[DEBUG] 2020-11-21 15:33:25,782 | /home/anil/medley/apps/frappe/frappe/utils/scheduler.py:
Site: ordermedicines
Queued events for site ordermedicines
[DEBUG] 2020-11-21 15:34:25,841 | /home/anil/medley/apps/frappe/frappe/utils/scheduler.py:
Site: ordermedicine
Access denied for site ordermedicine
[DEBUG] 2020-11-21 15:34:25,944 | /home/anil/medley/apps/frappe/frappe/utils/scheduler.py:
Site: ordermedicines
Queued events for site ordermedicines
[DEBUG] 2020-11-21 15:35:26,007 | /home/anil/medley/apps/frappe/frappe/utils/scheduler.py:
Site: ordermedicine
Access denied for site ordermedicine
[DEBUG] 2020-11-21 15:35:26,150 | /home/anil/medley/apps/frappe/frappe/utils/scheduler.py:
Site: ordermedicines
Queued events for site ordermedicines
[DEBUG] 2020-11-21 15:36:26,221 | /home/anil/medley/apps/frappe/frappe/utils/scheduler.py:
Site: ordermedicine
Access denied for site ordermedicine
[DEBUG] 2020-11-21 15:36:26,403 | /home/anil/medley/apps/frappe/frappe/utils/scheduler.py:
Site: ordermedicines
Queued events for site ordermedicines
[DEBUG] 2020-11-21 15:37:26,474 | /home/anil/medley/apps/frappe/frappe/utils/scheduler.py:
Site: ordermedicine
Access denied for site ordermedicine
[DEBUG] 2020-11-21 15:37:26,658 | /home/anil/medley/apps/frappe/frappe/utils/scheduler.py:
Site: ordermedicines
Queued events for site ordermedicines
[DEBUG] 2020-11-21 15:38:26,730 | /home/anil/medley/apps/frappe/frappe/utils/scheduler.py:
Site: ordermedicine
Access denied for site ordermedicine
[DEBUG] 2020-11-21 15:38:26,885 | /home/anil/medley/apps/frappe/frappe/utils/scheduler.py:
Site: ordermedicines
Queued events for site ordermedicines
[DEBUG] 2020-11-21 15:39:26,950 | /home/anil/medley/apps/frappe/frappe/utils/scheduler.py:
Site: ordermedicine
Access denied for site ordermedicine
[DEBUG] 2020-11-21 15:39:27,053 | /home/anil/medley/apps/frappe/frappe/utils/scheduler.py:
Site: ordermedicines
Queued events for site ordermedicines
[DEBUG] 2020-11-21 15:40:27,113 | /home/anil/medley/apps/frappe/frappe/utils/scheduler.py:
Site: ordermedicine
Access denied for site ordermedicine
[DEBUG] 2020-11-21 15:40:27,260 | /home/anil/medley/apps/frappe/frappe/utils/scheduler.py:
Site: ordermedicines
Queued events for site ordermedicines
[DEBUG] 2020-11-21 15:41:27,323 | /home/anil/medley/apps/frappe/frappe/utils/scheduler.py:
Site: ordermedicine
Access denied for site ordermedicine
[DEBUG] 2020-11-21 15:41:27,435 | /home/anil/medley/apps/frappe/frappe/utils/scheduler.py:
Site: ordermedicines
Queued events for site ordermedicines
[DEBUG] 2020-11-21 15:42:27,504 | /home/anil/medley/apps/frappe/frappe/utils/scheduler.py:
Site: ordermedicine
Access denied for site ordermedicine
[DEBUG] 2020-11-21 15:42:27,626 | /home/anil/medley/apps/frappe/frappe/utils/scheduler.py:
Site: ordermedicines
Queued events for site ordermedicines
[DEBUG] 2020-11-21 15:43:27,681 | /home/anil/medley/apps/frappe/frappe/utils/scheduler.py:
Site: ordermedicine
Access denied for site ordermedicine
[DEBUG] 2020-11-21 15:43:27,784 | /home/anil/medley/apps/frappe/frappe/utils/scheduler.py:
Site: ordermedicines
Queued events for site ordermedicines
[DEBUG] 2020-11-21 15:44:27,865 | /home/anil/medley/apps/frappe/frappe/utils/scheduler.py:
Site: ordermedicine
Access denied for site ordermedicine
[DEBUG] 2020-11-21 15:44:28,111 | /home/anil/medley/apps/frappe/frappe/utils/scheduler.py:
Site: ordermedicines
Queued events for site ordermedicines
[DEBUG] 2020-11-21 15:45:28,174 | /home/anil/medley/apps/frappe/frappe/utils/scheduler.py:
Site: ordermedicine
Access denied for site ordermedicine
[DEBUG] 2020-11-21 15:45:28,308 | /home/anil/medley/apps/frappe/frappe/utils/scheduler.py:
Site: ordermedicines
Queued events for site ordermedicines
[DEBUG] 2020-11-21 15:46:28,375 | /home/anil/medley/apps/frappe/frappe/utils/scheduler.py:
Site: ordermedicine
Access denied for site ordermedicine
[DEBUG] 2020-11-21 15:46:28,515 | /home/anil/medley/apps/frappe/frappe/utils/scheduler.py:
Site: ordermedicines
Queued events for site ordermedicines
[DEBUG] 2020-11-21 15:47:28,578 | /home/anil/medley/apps/frappe/frappe/utils/scheduler.py:
Site: ordermedicine
Access denied for site ordermedicine
[DEBUG] 2020-11-21 15:47:28,842 | /home/anil/medley/apps/frappe/frappe/utils/scheduler.py:
Site: ordermedicines
Queued events for site ordermedicines
[DEBUG] 2020-11-21 15:48:28,915 | /home/anil/medley/apps/frappe/frappe/utils/scheduler.py:
Site: ordermedicine
Access denied for site ordermedicine
[DEBUG] 2020-11-21 15:48:29,130 | /home/anil/medley/apps/frappe/frappe/utils/scheduler.py:
Site: ordermedicines
Queued events for site ordermedicines
[DEBUG] 2020-11-21 15:49:29,195 | /home/anil/medley/apps/frappe/frappe/utils/scheduler.py:
Site: ordermedicine
Access denied for site ordermedicine
[DEBUG] 2020-11-21 15:49:29,323 | /home/anil/medley/apps/frappe/frappe/utils/scheduler.py:
Site: ordermedicines
Queued events for site ordermedicines
[DEBUG] 2020-11-21 15:50:29,389 | /home/anil/medley/apps/frappe/frappe/utils/scheduler.py:
Site: ordermedicine
Access denied for site ordermedicine
[DEBUG] 2020-11-21 15:50:29,509 | /home/anil/medley/apps/frappe/frappe/utils/scheduler.py:
Site: ordermedicines
Queued events for site ordermedicines
[DEBUG] 2020-11-21 15:51:29,582 | /home/anil/medley/apps/frappe/frappe/utils/scheduler.py:
Site: ordermedicine
Access denied for site ordermedicine
[DEBUG] 2020-11-21 15:51:29,793 | /home/anil/medley/apps/frappe/frappe/utils/scheduler.py:
Site: ordermedicines
Queued events for site ordermedicines
[DEBUG] 2020-11-21 15:52:29,860 | /home/anil/medley/apps/frappe/frappe/utils/scheduler.py:
Site: ordermedicine
Access denied for site ordermedicine
[DEBUG] 2020-11-21 15:52:30,050 | /home/anil/medley/apps/frappe/frappe/utils/scheduler.py:
Site: ordermedicines
Queued events for site ordermedicines
[DEBUG] 2020-11-21 15:53:30,126 | /home/anil/medley/apps/frappe/frappe/utils/scheduler.py:
Site: ordermedicine
Access denied for site ordermedicine
[DEBUG] 2020-11-21 15:53:30,251 | /home/anil/medley/apps/frappe/frappe/utils/scheduler.py:
Site: ordermedicines
Queued events for site ordermedicines
[DEBUG] 2020-11-21 15:54:30,324 | /home/anil/medley/apps/frappe/frappe/utils/scheduler.py:
Site: ordermedicine
Access denied for site ordermedicine
[DEBUG] 2020-11-21 15:54:30,451 | /home/anil/medley/apps/frappe/frappe/utils/scheduler.py:
Site: ordermedicines
Queued events for site ordermedicines
[DEBUG] 2020-11-21 15:55:30,507 | /home/anil/medley/apps/frappe/frappe/utils/scheduler.py:
Site: ordermedicine
Access denied for site ordermedicine
[DEBUG] 2020-11-21 15:55:30,615 | /home/anil/medley/apps/frappe/frappe/utils/scheduler.py:
Site: ordermedicines
Queued events for site ordermedicines
[DEBUG] 2020-11-21 15:56:37,223 | /home/anil/medley/apps/frappe/frappe/utils/scheduler.py:
Site: ordermedicine
Access denied for site ordermedicine
[DEBUG] 2020-11-21 15:56:41,027 | /home/anil/medley/apps/frappe/frappe/utils/scheduler.py:
Site: ordermedicines
Queued events for site ordermedicines
[DEBUG] 2020-11-21 15:57:41,158 | /home/anil/medley/apps/frappe/frappe/utils/scheduler.py:
Site: ordermedicine
Access denied for site ordermedicine
[DEBUG] 2020-11-21 15:57:41,282 | /home/anil/medley/apps/frappe/frappe/utils/scheduler.py:
Site: ordermedicines
Queued events for site ordermedicines
[DEBUG] 2020-11-21 15:58:41,349 | /home/anil/medley/apps/frappe/frappe/utils/scheduler.py:
Site: ordermedicine
Access denied for site ordermedicine
[DEBUG] 2020-11-21 15:58:41,469 | /home/anil/medley/apps/frappe/frappe/utils/scheduler.py:
Site: ordermedicines
Queued events for site ordermedicines
[DEBUG] 2020-11-21 15:59:41,538 | /home/anil/medley/apps/frappe/frappe/utils/scheduler.py:
Site: ordermedicine
Access denied for site ordermedicine
[DEBUG] 2020-11-21 15:59:41,763 | /home/anil/medley/apps/frappe/frappe/utils/scheduler.py:
Site: ordermedicines
Queued events for site ordermedicines
[DEBUG] 2020-11-21 16:00:41,833 | /home/anil/medley/apps/frappe/frappe/utils/scheduler.py:
Site: ordermedicine
Access denied for site ordermedicine
[DEBUG] 2020-11-21 16:00:42,070 | /home/anil/medley/apps/frappe/frappe/utils/scheduler.py:
Site: ordermedicines
Queued events for site ordermedicines
[DEBUG] 2020-11-21 16:01:42,143 | /home/anil/medley/apps/frappe/frappe/utils/scheduler.py:
Site: ordermedicine
Access denied for site ordermedicine
[DEBUG] 2020-11-21 16:01:42,258 | /home/anil/medley/apps/frappe/frappe/utils/scheduler.py:
Site: ordermedicines
Queued events for site ordermedicines
[DEBUG] 2020-11-21 16:02:42,319 | /home/anil/medley/apps/frappe/frappe/utils/scheduler.py:
Site: ordermedicine
Access denied for site ordermedicine
[DEBUG] 2020-11-21 16:02:42,439 | /home/anil/medley/apps/frappe/frappe/utils/scheduler.py:
Site: ordermedicines
Queued events for site ordermedicines
[DEBUG] 2020-11-21 16:03:42,499 | /home/anil/medley/apps/frappe/frappe/utils/scheduler.py:
Site: ordermedicine
Access denied for site ordermedicine
[DEBUG] 2020-11-21 16:03:42,600 | /home/anil/medley/apps/frappe/frappe/utils/scheduler.py:
Site: ordermedicines
Queued events for site ordermedicines
[DEBUG] 2020-11-21 16:04:42,669 | /home/anil/medley/apps/frappe/frappe/utils/scheduler.py:
Site: ordermedicine
Access denied for site ordermedicine
[DEBUG] 2020-11-21 16:04:42,905 | /home/anil/medley/apps/frappe/frappe/utils/scheduler.py:
Site: ordermedicines
Queued events for site ordermedicines
[ERROR] 2020-11-21 16:05:26,689 | /home/anil/medley/apps/frappe/frappe/app.py:
Site: ordermedicines
Form Dict: {
 "cmd": "erpnext.doctor_api.get_doctor_list"
}
Request Error
Traceback (most recent call last):
  File "/home/anil/medley/apps/frappe/frappe/app.py", line 64, in application
    response = frappe.api.handle()
  File "/home/anil/medley/apps/frappe/frappe/api.py", line 59, in handle
    return frappe.handler.handle()
  File "/home/anil/medley/apps/frappe/frappe/handler.py", line 24, in handle
    data = execute_cmd(cmd)
  File "/home/anil/medley/apps/frappe/frappe/handler.py", line 64, in execute_cmd
    return frappe.call(method, **frappe.form_dict)
  File "/home/anil/medley/apps/frappe/frappe/__init__.py", line 1064, in call
    return fn(*args, **newargs)
  File "/home/anil/medley/apps/erpnext/erpnext/doctor_api.py", line 17, in get_doctor_list
    doctor_details = frappe.db.get_all('Doctor',fields=['count','doctor_name','specialisation','gender', 'years_of_experience', 'about_me', 'mobile_no'])
  File "/home/anil/medley/apps/frappe/frappe/database/database.py", line 528, in get_all
    return frappe.get_all(*args, **kwargs)
  File "/home/anil/medley/apps/frappe/frappe/__init__.py", line 1327, in get_all
    return get_list(doctype, *args, **kwargs)
  File "/home/anil/medley/apps/frappe/frappe/__init__.py", line 1300, in get_list
    return frappe.model.db_query.DatabaseQuery(doctype).execute(None, *args, **kwargs)
  File "/home/anil/medley/apps/frappe/frappe/model/db_query.py", line 96, in execute
    result = self.build_and_run()
  File "/home/anil/medley/apps/frappe/frappe/model/db_query.py", line 130, in build_and_run
    return frappe.db.sql(query, as_dict=not self.as_list, debug=self.debug, update=self.update)
  File "/home/anil/medley/apps/frappe/frappe/database/database.py", line 171, in sql
    self._cursor.execute(query)
  File "/home/anil/medley/env/lib/python3.8/site-packages/pymysql/cursors.py", line 170, in execute
    result = self._query(query)
  File "/home/anil/medley/env/lib/python3.8/site-packages/pymysql/cursors.py", line 328, in _query
    conn.query(q)
  File "/home/anil/medley/env/lib/python3.8/site-packages/pymysql/connections.py", line 517, in query
    self._affected_rows = self._read_query_result(unbuffered=unbuffered)
  File "/home/anil/medley/env/lib/python3.8/site-packages/pymysql/connections.py", line 732, in _read_query_result
    result.read()
  File "/home/anil/medley/env/lib/python3.8/site-packages/pymysql/connections.py", line 1075, in read
    first_packet = self.connection._read_packet()
  File "/home/anil/medley/env/lib/python3.8/site-packages/pymysql/connections.py", line 684, in _read_packet
    packet.check_error()
  File "/home/anil/medley/env/lib/python3.8/site-packages/pymysql/protocol.py", line 220, in check_error
    err.raise_mysql_exception(self._data)
  File "/home/anil/medley/env/lib/python3.8/site-packages/pymysql/err.py", line 109, in raise_mysql_exception
    raise errorclass(errno, errval)
pymysql.err.InternalError: (1054, "Unknown column 'count' in 'field list'")
[ERROR] 2020-11-21 16:05:27,084 | /home/anil/medley/apps/frappe/frappe/utils/error.py:
New Exception collected with id: 2020-11-21 16:05:26.690791-127.0.0.1-ce6
[DEBUG] 2020-11-21 16:05:42,975 | /home/anil/medley/apps/frappe/frappe/utils/scheduler.py:
Site: ordermedicine
Access denied for site ordermedicine
[DEBUG] 2020-11-21 16:05:43,106 | /home/anil/medley/apps/frappe/frappe/utils/scheduler.py:
Site: ordermedicines
Queued events for site ordermedicines
[DEBUG] 2020-11-21 16:06:43,174 | /home/anil/medley/apps/frappe/frappe/utils/scheduler.py:
Site: ordermedicine
Access denied for site ordermedicine
[DEBUG] 2020-11-21 16:06:43,288 | /home/anil/medley/apps/frappe/frappe/utils/scheduler.py:
Site: ordermedicines
Queued events for site ordermedicines
[ERROR] 2020-11-21 16:07:30,176 | /home/anil/medley/apps/frappe/frappe/app.py:
Site: ordermedicines
Form Dict: {
 "cmd": "frappe.client.get_js",
 "items": "[\"assets/erpnext/js/pos/clusterize.js\",\"assets/erpnext/css/pos.css\",\"assets/erpnext/css/jquery.dataTables.css\"]"
}
Request Error
Traceback (most recent call last):
  File "/home/anil/medley/apps/frappe/frappe/app.py", line 64, in application
    response = frappe.api.handle()
  File "/home/anil/medley/apps/frappe/frappe/api.py", line 59, in handle
    return frappe.handler.handle()
  File "/home/anil/medley/apps/frappe/frappe/handler.py", line 24, in handle
    data = execute_cmd(cmd)
  File "/home/anil/medley/apps/frappe/frappe/handler.py", line 64, in execute_cmd
    return frappe.call(method, **frappe.form_dict)
  File "/home/anil/medley/apps/frappe/frappe/__init__.py", line 1064, in call
    return fn(*args, **newargs)
  File "/home/anil/medley/apps/frappe/frappe/client.py", line 318, in get_js
    with open(contentpath, "r") as srcfile:
FileNotFoundError: [Errno 2] No such file or directory: './assets/erpnext/css/jquery.dataTables.css'
[ERROR] 2020-11-21 16:07:30,447 | /home/anil/medley/apps/frappe/frappe/utils/error.py:
Could not take error snapshot: characters_written
Traceback (most recent call last):
  File "/home/anil/medley/apps/frappe/frappe/app.py", line 64, in application
    response = frappe.api.handle()
  File "/home/anil/medley/apps/frappe/frappe/api.py", line 59, in handle
    return frappe.handler.handle()
  File "/home/anil/medley/apps/frappe/frappe/handler.py", line 24, in handle
    data = execute_cmd(cmd)
  File "/home/anil/medley/apps/frappe/frappe/handler.py", line 64, in execute_cmd
    return frappe.call(method, **frappe.form_dict)
  File "/home/anil/medley/apps/frappe/frappe/__init__.py", line 1064, in call
    return fn(*args, **newargs)
  File "/home/anil/medley/apps/frappe/frappe/client.py", line 318, in get_js
    with open(contentpath, "r") as srcfile:
FileNotFoundError: [Errno 2] No such file or directory: './assets/erpnext/css/jquery.dataTables.css'

During handling of the above exception, another exception occurred:

Traceback (most recent call last):
  File "/home/anil/medley/apps/frappe/frappe/utils/error.py", line 36, in make_error_snapshot
    snapshot = get_snapshot(exception)
  File "/home/anil/medley/apps/frappe/frappe/utils/error.py", line 127, in get_snapshot
    value = pydoc.text.repr(getattr(evalue, name))
AttributeError: characters_written
[DEBUG] 2020-11-21 16:07:43,358 | /home/anil/medley/apps/frappe/frappe/utils/scheduler.py:
Site: ordermedicine
Access denied for site ordermedicine
[DEBUG] 2020-11-21 16:07:43,477 | /home/anil/medley/apps/frappe/frappe/utils/scheduler.py:
Site: ordermedicines
Queued events for site ordermedicines
[DEBUG] 2020-11-21 16:08:43,542 | /home/anil/medley/apps/frappe/frappe/utils/scheduler.py:
Site: ordermedicine
Access denied for site ordermedicine
[DEBUG] 2020-11-21 16:08:43,672 | /home/anil/medley/apps/frappe/frappe/utils/scheduler.py:
Site: ordermedicines
Queued events for site ordermedicines
[DEBUG] 2020-11-21 16:09:43,734 | /home/anil/medley/apps/frappe/frappe/utils/scheduler.py:
Site: ordermedicine
Access denied for site ordermedicine
[DEBUG] 2020-11-21 16:09:43,885 | /home/anil/medley/apps/frappe/frappe/utils/scheduler.py:
Site: ordermedicines
Queued events for site ordermedicines
[DEBUG] 2020-11-21 16:10:43,961 | /home/anil/medley/apps/frappe/frappe/utils/scheduler.py:
Site: ordermedicine
Access denied for site ordermedicine
[DEBUG] 2020-11-21 16:10:44,139 | /home/anil/medley/apps/frappe/frappe/utils/scheduler.py:
Site: ordermedicines
Queued events for site ordermedicines
[DEBUG] 2020-11-21 16:11:44,210 | /home/anil/medley/apps/frappe/frappe/utils/scheduler.py:
Site: ordermedicine
Access denied for site ordermedicine
[DEBUG] 2020-11-21 16:11:44,363 | /home/anil/medley/apps/frappe/frappe/utils/scheduler.py:
Site: ordermedicines
Queued events for site ordermedicines
[DEBUG] 2020-11-21 16:12:44,422 | /home/anil/medley/apps/frappe/frappe/utils/scheduler.py:
Site: ordermedicine
Access denied for site ordermedicine
[DEBUG] 2020-11-21 16:12:44,595 | /home/anil/medley/apps/frappe/frappe/utils/scheduler.py:
Site: ordermedicines
Queued events for site ordermedicines
[DEBUG] 2020-11-21 16:13:44,664 | /home/anil/medley/apps/frappe/frappe/utils/scheduler.py:
Site: ordermedicine
Access denied for site ordermedicine
[DEBUG] 2020-11-21 16:13:44,792 | /home/anil/medley/apps/frappe/frappe/utils/scheduler.py:
Site: ordermedicines
Queued events for site ordermedicines
[DEBUG] 2020-11-21 16:14:44,868 | /home/anil/medley/apps/frappe/frappe/utils/scheduler.py:
Site: ordermedicine
Access denied for site ordermedicine
[DEBUG] 2020-11-21 16:14:45,030 | /home/anil/medley/apps/frappe/frappe/utils/scheduler.py:
Site: ordermedicines
Queued events for site ordermedicines
[DEBUG] 2020-11-21 16:15:45,092 | /home/anil/medley/apps/frappe/frappe/utils/scheduler.py:
Site: ordermedicine
Access denied for site ordermedicine
[DEBUG] 2020-11-21 16:15:45,188 | /home/anil/medley/apps/frappe/frappe/utils/scheduler.py:
Site: ordermedicines
Queued events for site ordermedicines
[DEBUG] 2020-11-21 16:16:45,255 | /home/anil/medley/apps/frappe/frappe/utils/scheduler.py:
Site: ordermedicine
Access denied for site ordermedicine
[DEBUG] 2020-11-21 16:16:45,375 | /home/anil/medley/apps/frappe/frappe/utils/scheduler.py:
Site: ordermedicines
Queued events for site ordermedicines
[DEBUG] 2020-11-21 16:17:45,434 | /home/anil/medley/apps/frappe/frappe/utils/scheduler.py:
Site: ordermedicine
Access denied for site ordermedicine
[DEBUG] 2020-11-21 16:17:45,532 | /home/anil/medley/apps/frappe/frappe/utils/scheduler.py:
Site: ordermedicines
Queued events for site ordermedicines
[DEBUG] 2020-11-21 16:18:45,601 | /home/anil/medley/apps/frappe/frappe/utils/scheduler.py:
Site: ordermedicine
Access denied for site ordermedicine
[DEBUG] 2020-11-21 16:18:45,717 | /home/anil/medley/apps/frappe/frappe/utils/scheduler.py:
Site: ordermedicines
Queued events for site ordermedicines
[DEBUG] 2020-11-21 16:19:45,783 | /home/anil/medley/apps/frappe/frappe/utils/scheduler.py:
Site: ordermedicine
Access denied for site ordermedicine
[DEBUG] 2020-11-21 16:19:45,897 | /home/anil/medley/apps/frappe/frappe/utils/scheduler.py:
Site: ordermedicines
Queued events for site ordermedicines
[DEBUG] 2020-11-21 16:20:45,958 | /home/anil/medley/apps/frappe/frappe/utils/scheduler.py:
Site: ordermedicine
Access denied for site ordermedicine
[DEBUG] 2020-11-21 16:20:46,123 | /home/anil/medley/apps/frappe/frappe/utils/scheduler.py:
Site: ordermedicines
Queued events for site ordermedicines
